[18:42:38] [Server thread/INFO]: Starting minecraft server version 1.7.10
[18:43:17] [Server thread/INFO]: Loading properties
[18:43:17] [Server thread/INFO]: Default game type: SURVIVAL
[18:43:17] [Server thread/INFO]: Generating keypair
[18:43:18] [Server thread/INFO]: Starting Minecraft server on *:25565
[18:43:45] [Server thread/WARN]: Failed to load user banlist: 
java.io.FileNotFoundException: banned-players.json (The system cannot find the file specified)
	at java.io.FileInputStream.open0(Native Method) ~[?:1.8.0_251]
	at java.io.FileInputStream.open(Unknown Source) ~[?:1.8.0_251]
	at java.io.FileInputStream.<init>(Unknown Source) ~[?:1.8.0_251]
	at com.google.common.io.Files.newReader(Files.java:86) ~[guava-17.0.jar:?]
	at net.minecraft.server.management.UserList.func_152679_g(SourceFile:124) ~[om.class:?]
	at net.minecraft.server.dedicated.DedicatedPlayerList.func_152620_y(SourceFile:99) [ls.class:?]
	at net.minecraft.server.dedicated.DedicatedPlayerList.<init>(SourceFile:25) [ls.class:?]
	at net.minecraft.server.dedicated.DedicatedServer.func_71197_b(DedicatedServer.java:211) [lt.class:?]
	at net.minecraft.server.MinecraftServer.run(MinecraftServer.java:387) [MinecraftServer.class:?]
	at net.minecraft.server.MinecraftServer$2.run(MinecraftServer.java:685) [li.class:?]
[18:43:45] [Server thread/WARN]: Failed to load ip banlist: 
java.io.FileNotFoundException: banned-ips.json (The system cannot find the file specified)
	at java.io.FileInputStream.open0(Native Method) ~[?:1.8.0_251]
	at java.io.FileInputStream.open(Unknown Source) ~[?:1.8.0_251]
	at java.io.FileInputStream.<init>(Unknown Source) ~[?:1.8.0_251]
	at com.google.common.io.Files.newReader(Files.java:86) ~[guava-17.0.jar:?]
	at net.minecraft.server.management.UserList.func_152679_g(SourceFile:124) ~[om.class:?]
	at net.minecraft.server.dedicated.DedicatedPlayerList.func_152619_x(SourceFile:91) [ls.class:?]
	at net.minecraft.server.dedicated.DedicatedPlayerList.<init>(SourceFile:27) [ls.class:?]
	at net.minecraft.server.dedicated.DedicatedServer.func_71197_b(DedicatedServer.java:211) [lt.class:?]
	at net.minecraft.server.MinecraftServer.run(MinecraftServer.java:387) [MinecraftServer.class:?]
	at net.minecraft.server.MinecraftServer$2.run(MinecraftServer.java:685) [li.class:?]
[18:43:45] [Server thread/WARN]: Failed to load operators list: 
java.io.FileNotFoundException: ops.json (The system cannot find the file specified)
	at java.io.FileInputStream.open0(Native Method) ~[?:1.8.0_251]
	at java.io.FileInputStream.open(Unknown Source) ~[?:1.8.0_251]
	at java.io.FileInputStream.<init>(Unknown Source) ~[?:1.8.0_251]
	at com.google.common.io.Files.newReader(Files.java:86) ~[guava-17.0.jar:?]
	at net.minecraft.server.management.UserList.func_152679_g(SourceFile:124) ~[om.class:?]
	at net.minecraft.server.dedicated.DedicatedPlayerList.func_72417_t(SourceFile:107) [ls.class:?]
	at net.minecraft.server.dedicated.DedicatedPlayerList.<init>(SourceFile:29) [ls.class:?]
	at net.minecraft.server.dedicated.DedicatedServer.func_71197_b(DedicatedServer.java:211) [lt.class:?]
	at net.minecraft.server.MinecraftServer.run(MinecraftServer.java:387) [MinecraftServer.class:?]
	at net.minecraft.server.MinecraftServer$2.run(MinecraftServer.java:685) [li.class:?]
[18:43:45] [Server thread/WARN]: Failed to load white-list: 
java.io.FileNotFoundException: whitelist.json (The system cannot find the file specified)
	at java.io.FileInputStream.open0(Native Method) ~[?:1.8.0_251]
	at java.io.FileInputStream.open(Unknown Source) ~[?:1.8.0_251]
	at java.io.FileInputStream.<init>(Unknown Source) ~[?:1.8.0_251]
	at com.google.common.io.Files.newReader(Files.java:86) ~[guava-17.0.jar:?]
	at net.minecraft.server.management.UserList.func_152679_g(SourceFile:124) ~[om.class:?]
	at net.minecraft.server.dedicated.DedicatedPlayerList.func_72418_v(SourceFile:123) [ls.class:?]
	at net.minecraft.server.dedicated.DedicatedPlayerList.<init>(SourceFile:30) [ls.class:?]
	at net.minecraft.server.dedicated.DedicatedServer.func_71197_b(DedicatedServer.java:211) [lt.class:?]
	at net.minecraft.server.MinecraftServer.run(MinecraftServer.java:387) [MinecraftServer.class:?]
	at net.minecraft.server.MinecraftServer$2.run(MinecraftServer.java:685) [li.class:?]
[18:43:52] [Server thread/INFO]: Preparing level "world"
[18:43:57] [Server thread/INFO]: Preparing start region for level 0
[18:43:58] [Server thread/INFO]: Preparing spawn area: 4%
[18:43:59] [Server thread/INFO]: Preparing spawn area: 6%
[18:44:00] [Server thread/INFO]: Preparing spawn area: 7%
[18:44:01] [Server thread/INFO]: Preparing spawn area: 10%
[18:44:02] [Server thread/INFO]: Preparing spawn area: 13%
[18:44:03] [Server thread/INFO]: Preparing spawn area: 16%
[18:44:04] [Server thread/INFO]: Preparing spawn area: 19%
[18:44:05] [Server thread/INFO]: Preparing spawn area: 22%
[18:44:07] [Server thread/INFO]: Preparing spawn area: 25%
[18:44:08] [Server thread/INFO]: Preparing spawn area: 28%
[18:44:09] [Server thread/INFO]: Preparing spawn area: 30%
[18:44:10] [Server thread/INFO]: Preparing spawn area: 33%
[18:44:11] [Server thread/INFO]: Preparing spawn area: 36%
[18:44:12] [Server thread/INFO]: Preparing spawn area: 39%
[18:44:14] [Server thread/INFO]: Preparing spawn area: 40%
[18:44:15] [Server thread/INFO]: Preparing spawn area: 42%
[18:44:16] [Server thread/INFO]: Preparing spawn area: 45%
[18:44:17] [Server thread/INFO]: Preparing spawn area: 48%
[18:44:18] [Server thread/INFO]: Preparing spawn area: 51%
[18:44:19] [Server thread/INFO]: Preparing spawn area: 54%
[18:44:20] [Server thread/INFO]: Preparing spawn area: 57%
[18:44:21] [Server thread/INFO]: Preparing spawn area: 60%
[18:44:23] [Server thread/INFO]: Preparing spawn area: 63%
[18:44:24] [Server thread/INFO]: Preparing spawn area: 65%
[18:44:25] [Server thread/INFO]: Preparing spawn area: 69%
[18:44:26] [Server thread/INFO]: Preparing spawn area: 72%
[18:44:27] [Server thread/INFO]: Preparing spawn area: 75%
[18:44:28] [Server thread/INFO]: Preparing spawn area: 78%
[18:44:29] [Server thread/INFO]: Preparing spawn area: 81%
[18:44:30] [Server thread/INFO]: Preparing spawn area: 84%
[18:44:31] [Server thread/INFO]: Preparing spawn area: 87%
[18:44:32] [Server thread/INFO]: Preparing spawn area: 90%
[18:44:33] [Server thread/INFO]: Preparing spawn area: 93%
[18:44:34] [Server thread/INFO]: Preparing spawn area: 97%
[18:44:35] [Server thread/INFO]: Done (49.450s)! For help, type "help" or "?"
[18:44:40] [User Authenticator #1/INFO]: UUID of player MicroKiss is b7976d60-3023-4047-8dd0-622b05a2042b
[18:44:41] [Server thread/INFO]: MicroKiss[/172.22.5.36:55503] logged in with entity id 536 at (219.5, 71.0, -18.5)
[18:44:41] [Server thread/INFO]: MicroKiss joined the game
[18:44:44] [User Authenticator #2/INFO]: UUID of player Raymanzone is 10883295-f0ee-4463-9866-19e99bc74eca
[18:44:44] [Server thread/INFO]: Raymanzone[/172.22.110.107:49798] logged in with entity id 2053 at (221.5, 72.0, -14.5)
[18:44:44] [Server thread/INFO]: Raymanzone joined the game
[18:44:52] [Server thread/INFO]: Unknown command. Try /help for a list of commands
[18:44:55] [Server thread/INFO]: [Server] lul
[18:45:05] [Server thread/INFO]: Unknown command. Try /help for a list of commands
[18:45:13] [Server thread/INFO]: Game rule has been updated
[18:48:01] [Server thread/INFO]: Raymanzone has just earned the achievement [Taking Inventory]
[18:48:03] [Server thread/INFO]: MicroKiss has just earned the achievement [Taking Inventory]
[18:54:30] [Server thread/INFO]: Set the time to 0
[19:19:31] [Server thread/INFO]: MicroKiss has just earned the achievement [Sky of Beginning]
[19:25:11] [Server thread/INFO]: Set the time to 0
[19:33:59] [Server thread/INFO]: Set the time to 0
[19:34:02] [Server thread/INFO]: MicroKiss lost connection: TextComponent{text='Disconnected', siblings=[], style=Style{hasParent=false, color=null, bold=null, italic=null, underlined=null, obfuscated=null, clickEvent=null, hoverEvent=null}}
[19:34:02] [Server thread/INFO]: MicroKiss left the game
[19:36:57] [Server thread/INFO]: Raymanzone was slain by Fallen Knight
[19:46:54] [Server thread/INFO]: Raymanzone was shot by Fallen Knight
[19:48:13] [Server thread/INFO]: Raymanzone lost connection: TextComponent{text='Disconnected', siblings=[], style=Style{hasParent=false, color=null, bold=null, italic=null, underlined=null, obfuscated=null, clickEvent=null, hoverEvent=null}}
[19:48:13] [Server thread/INFO]: Raymanzone left the game
[19:57:17] [User Authenticator #3/INFO]: UUID of player MicroKiss is b7976d60-3023-4047-8dd0-622b05a2042b
[19:57:18] [Server thread/INFO]: MicroKiss[/172.22.5.36:60732] logged in with entity id 1164114 at (771.385252113766, 67.0, -43.22776597387581)
[19:57:18] [Server thread/INFO]: MicroKiss joined the game
[20:02:06] [User Authenticator #4/INFO]: UUID of player Raymanzone is 10883295-f0ee-4463-9866-19e99bc74eca
[20:02:06] [Server thread/INFO]: Raymanzone[/172.22.110.107:51319] logged in with entity id 1171166 at (223.9538805243973, 84.0, -51.49002102174264)
[20:02:06] [Server thread/INFO]: Raymanzone joined the game
[20:02:15] [Server thread/INFO]: Set the time to 0
[20:02:17] [Server thread/INFO]: Unknown command. Try /help for a list of commands
[20:02:18] [Server thread/INFO]: Unknown command. Try /help for a list of commands
[20:02:18] [Server thread/INFO]: Unknown command. Try /help for a list of commands
[20:02:18] [Server thread/INFO]: Unknown command. Try /help for a list of commands
[20:02:18] [Server thread/INFO]: Unknown command. Try /help for a list of commands
[20:02:18] [Server thread/INFO]: Unknown command. Try /help for a list of commands
[20:02:18] [Server thread/INFO]: Unknown command. Try /help for a list of commands
[20:02:18] [Server thread/INFO]: Unknown command. Try /help for a list of commands
[20:02:18] [Server thread/INFO]: Unknown command. Try /help for a list of commands
[20:02:18] [Server thread/INFO]: Unknown command. Try /help for a list of commands
[20:02:18] [Server thread/INFO]: Unknown command. Try /help for a list of commands
[20:02:18] [Server thread/INFO]: Unknown command. Try /help for a list of commands
[20:02:18] [Server thread/INFO]: Unknown command. Try /help for a list of commands
[20:02:18] [Server thread/INFO]: Unknown command. Try /help for a list of commands
[20:02:18] [Server thread/INFO]: Unknown command. Try /help for a list of commands
[20:02:18] [Server thread/INFO]: Unknown command. Try /help for a list of commands
[20:02:18] [Server thread/INFO]: Unknown command. Try /help for a list of commands
[20:02:18] [Server thread/INFO]: Unknown command. Try /help for a list of commands
[20:02:19] [Server thread/INFO]: Unknown command. Try /help for a list of commands
[20:02:19] [Server thread/INFO]: Unknown command. Try /help for a list of commands
[20:02:19] [Server thread/INFO]: Unknown command. Try /help for a list of commands
[20:02:19] [Server thread/INFO]: Unknown command. Try /help for a list of commands
[20:02:19] [Server thread/INFO]: Unknown command. Try /help for a list of commands
[20:02:19] [Server thread/INFO]: Unknown command. Try /help for a list of commands
[20:02:19] [Server thread/INFO]: Unknown command. Try /help for a list of commands
[20:02:19] [Server thread/INFO]: Unknown command. Try /help for a list of commands
[20:02:19] [Server thread/INFO]: Unknown command. Try /help for a list of commands
[20:02:19] [Server thread/INFO]: Unknown command. Try /help for a list of commands
[20:02:19] [Server thread/INFO]: Unknown command. Try /help for a list of commands
[20:02:19] [Server thread/INFO]: Unknown command. Try /help for a list of commands
[20:02:19] [Server thread/INFO]: Unknown command. Try /help for a list of commands
[20:02:19] [Server thread/INFO]: Unknown command. Try /help for a list of commands
[20:02:19] [Server thread/INFO]: Unknown command. Try /help for a list of commands
[20:02:19] [Server thread/INFO]: Unknown command. Try /help for a list of commands
[20:02:19] [Server thread/INFO]: Unknown command. Try /help for a list of commands
[20:02:19] [Server thread/INFO]: Unknown command. Try /help for a list of commands
[20:02:19] [Server thread/INFO]: Unknown command. Try /help for a list of commands
[20:02:24] [Server thread/INFO]: Unknown command. Try /help for a list of commands
[20:02:30] [Server thread/INFO]: Teleported Raymanzone to MicroKiss
[20:12:10] [Server thread/INFO]: Set the time to 0
[20:22:13] [Server thread/INFO]: Set the time to 0
[20:32:03] [Server thread/INFO]: Set the time to 0
[20:41:49] [Server thread/INFO]: Set the time to 0
[20:51:54] [Server thread/INFO]: Set the time to 0
[21:01:45] [Server thread/INFO]: Set the time to 0
[21:11:35] [Server thread/INFO]: Set the time to 0
[21:26:32] [Server thread/INFO]: Set the time to 0
[21:48:35] [Server thread/WARN]: Can't keep up! Did the system time change, or is the server overloaded? Running 3189ms behind, skipping 63 tick(s)
[21:51:10] [Server thread/WARN]: Can't keep up! Did the system time change, or is the server overloaded? Running 2889ms behind, skipping 57 tick(s)
[21:54:27] [Server thread/INFO]: <Raymanzone> 418 64 -280
[21:56:02] [Server thread/INFO]: MicroKiss has just earned the achievement [A Realistical Logical Ideologist]
[21:56:33] [Server thread/INFO]: Set the time to 0
[22:01:43] [Server thread/WARN]: Can't keep up! Did the system time change, or is the server overloaded? Running 2065ms behind, skipping 41 tick(s)
[22:03:04] [Server thread/WARN]: Can't keep up! Did the system time change, or is the server overloaded? Running 2112ms behind, skipping 42 tick(s)
[22:04:06] [Server thread/WARN]: Can't keep up! Did the system time change, or is the server overloaded? Running 2425ms behind, skipping 48 tick(s)
[22:06:57] [Server thread/INFO]: Teleported Raymanzone to MicroKiss
[22:11:51] [Server thread/INFO]: Raymanzone lost connection: TextComponent{text='Disconnected', siblings=[], style=Style{hasParent=false, color=null, bold=null, italic=null, underlined=null, obfuscated=null, clickEvent=null, hoverEvent=null}}
[22:11:51] [Server thread/INFO]: Raymanzone left the game
[22:12:28] [Server thread/INFO]: That player cannot be found
[22:12:30] [Server thread/INFO]: Unknown command. Try /help for a list of commands
[22:12:30] [Server thread/INFO]: Unknown command. Try /help for a list of commands
[22:12:30] [Server thread/INFO]: Unknown command. Try /help for a list of commands
[22:12:31] [Server thread/INFO]: Unknown command. Try /help for a list of commands
[22:12:31] [Server thread/INFO]: Unknown command. Try /help for a list of commands
[22:12:31] [Server thread/INFO]: Unknown command. Try /help for a list of commands
[22:12:32] [Server thread/INFO]: Set the time to 0
[22:25:22] [Server thread/INFO]: Set the time to 0
[22:26:04] [Server thread/INFO]: MicroKiss has just earned the achievement [Getting Wood]
[22:36:56] [Server thread/INFO]: Set the time to 0
[22:37:51] [Server thread/INFO]: MicroKiss has just earned the achievement [Daybreak Arrival]
[22:44:07] [Server thread/INFO]: MicroKiss has just earned the achievement [Vivid Wave]
[22:47:30] [Server thread/INFO]: Set the time to 0
[22:50:10] [Server thread/INFO]: MicroKiss lost connection: TextComponent{text='Disconnected', siblings=[], style=Style{hasParent=false, color=null, bold=null, italic=null, underlined=null, obfuscated=null, clickEvent=null, hoverEvent=null}}
[22:50:10] [Server thread/INFO]: MicroKiss left the game
