[22:57:27] [main/INFO]: Environment: authHost='https://authserver.mojang.com', accountsHost='https://api.mojang.com', sessionHost='https://sessionserver.mojang.com', name='PROD'
[22:57:28] [main/WARN]: Ambiguity between arguments [teleport, destination] and [teleport, targets] with inputs: [Player, 0123, @e, dd12be42-52a9-4a91-a8a1-11c01849e498]
[22:57:28] [main/WARN]: Ambiguity between arguments [teleport, location] and [teleport, destination] with inputs: [0.1 -0.5 .9, 0 0 0]
[22:57:28] [main/WARN]: Ambiguity between arguments [teleport, location] and [teleport, targets] with inputs: [0.1 -0.5 .9, 0 0 0]
[22:57:28] [main/WARN]: Ambiguity between arguments [teleport, targets] and [teleport, destination] with inputs: [Player, 0123, dd12be42-52a9-4a91-a8a1-11c01849e498]
[22:57:28] [main/WARN]: Ambiguity between arguments [teleport, targets, location] and [teleport, targets, destination] with inputs: [0.1 -0.5 .9, 0 0 0]
[22:57:28] [main/INFO]: Reloading ResourceManager: Default, afk display v1.0.1.zip, coordinates hud v1.1.2.zip, durability ping v1.1.0.zip, multiplayer sleep v1.0.2.zip, silence mobs v1.0.0.zip, track raw statistics v1.3.0.zip
[22:57:30] [Worker-Main-12/INFO]: Loaded 7 recipes
[22:57:30] [Worker-Main-12/INFO]: Loaded 970 advancements
[22:57:32] [Server thread/INFO]: Starting minecraft server version 1.16.1
[22:57:32] [Server thread/INFO]: Loading properties
[22:57:32] [Server thread/INFO]: Default game type: SURVIVAL
[22:57:32] [Server thread/INFO]: Generating keypair
[22:57:32] [Server thread/INFO]: Starting Minecraft server on *:25565
[22:57:32] [Server thread/INFO]: Using default channel type
[22:57:34] [Server thread/INFO]: Preparing level "world"
[22:57:35] [Server thread/INFO]: Preparing start region for dimension minecraft:overworld
[22:57:36] [Server thread/INFO]: Preparing spawn area: 0%
[22:57:36] [Server thread/INFO]: Preparing spawn area: 0%
[22:57:36] [Server thread/INFO]: Preparing spawn area: 0%
[22:57:36] [Server thread/INFO]: Preparing spawn area: 0%
[22:57:42] [Worker-Main-14/INFO]: Preparing spawn area: 0%
[22:57:42] [Worker-Main-10/INFO]: Preparing spawn area: 0%
[22:57:42] [Worker-Main-10/INFO]: Preparing spawn area: 0%
[22:57:42] [Worker-Main-10/INFO]: Preparing spawn area: 0%
[22:57:42] [Worker-Main-10/INFO]: Preparing spawn area: 0%
[22:57:42] [Worker-Main-10/INFO]: Preparing spawn area: 0%
[22:57:42] [Worker-Main-10/INFO]: Preparing spawn area: 0%
[22:57:42] [Worker-Main-10/INFO]: Preparing spawn area: 0%
[22:57:42] [Worker-Main-10/INFO]: Preparing spawn area: 0%
[22:57:42] [Worker-Main-10/INFO]: Preparing spawn area: 0%
[22:57:42] [Worker-Main-10/INFO]: Preparing spawn area: 0%
[22:57:42] [Worker-Main-13/INFO]: Preparing spawn area: 0%
[22:57:43] [Worker-Main-14/INFO]: Preparing spawn area: 0%
[22:57:43] [Worker-Main-11/INFO]: Preparing spawn area: 19%
[22:57:44] [Worker-Main-10/INFO]: Preparing spawn area: 19%
[22:57:44] [Worker-Main-15/INFO]: Preparing spawn area: 19%
[22:57:45] [Worker-Main-11/INFO]: Preparing spawn area: 19%
[22:57:45] [Worker-Main-14/INFO]: Preparing spawn area: 19%
[22:57:46] [Worker-Main-14/INFO]: Preparing spawn area: 19%
[22:57:46] [Worker-Main-13/INFO]: Preparing spawn area: 19%
[22:57:47] [Worker-Main-9/INFO]: Preparing spawn area: 20%
[22:57:47] [Worker-Main-15/INFO]: Preparing spawn area: 21%
[22:57:48] [Worker-Main-8/INFO]: Preparing spawn area: 21%
[22:57:48] [Worker-Main-10/INFO]: Preparing spawn area: 21%
[22:57:49] [Worker-Main-9/INFO]: Preparing spawn area: 24%
[22:57:49] [Worker-Main-8/INFO]: Preparing spawn area: 24%
[22:57:50] [Worker-Main-8/INFO]: Preparing spawn area: 24%
[22:57:50] [Worker-Main-8/INFO]: Preparing spawn area: 24%
[22:57:51] [Worker-Main-10/INFO]: Preparing spawn area: 36%
[22:57:51] [Worker-Main-10/INFO]: Preparing spawn area: 36%
[22:57:52] [Worker-Main-10/INFO]: Preparing spawn area: 36%
[22:57:52] [Worker-Main-8/INFO]: Preparing spawn area: 36%
[22:57:53] [Worker-Main-15/INFO]: Preparing spawn area: 36%
[22:57:53] [Worker-Main-10/INFO]: Preparing spawn area: 36%
[22:57:54] [Worker-Main-9/INFO]: Preparing spawn area: 51%
[22:57:54] [Worker-Main-9/INFO]: Preparing spawn area: 51%
[22:57:55] [Worker-Main-15/INFO]: Preparing spawn area: 51%
[22:57:55] [Worker-Main-15/INFO]: Preparing spawn area: 56%
[22:57:56] [Worker-Main-14/INFO]: Preparing spawn area: 56%
[22:57:57] [Worker-Main-10/INFO]: Preparing spawn area: 56%
[22:57:57] [Worker-Main-11/INFO]: Preparing spawn area: 67%
[22:57:57] [Worker-Main-14/INFO]: Preparing spawn area: 72%
[22:57:58] [Worker-Main-10/INFO]: Preparing spawn area: 77%
[22:57:59] [Worker-Main-8/INFO]: Preparing spawn area: 79%
[22:57:59] [Worker-Main-13/INFO]: Preparing spawn area: 79%
[22:57:59] [Worker-Main-14/INFO]: Preparing spawn area: 84%
[22:58:00] [Worker-Main-9/INFO]: Preparing spawn area: 88%
[22:58:00] [Worker-Main-10/INFO]: Preparing spawn area: 91%
[22:58:01] [Worker-Main-8/INFO]: Preparing spawn area: 95%
[22:58:01] [Worker-Main-11/INFO]: Preparing spawn area: 99%
[22:58:01] [Server thread/INFO]: Time elapsed: 26557 ms
[22:58:01] [Server thread/INFO]: Done (26.885s)! For help, type "help"
[22:59:23] [User Authenticator #1/INFO]: UUID of player MicroKiss is b7976d60-3023-4047-8dd0-622b05a2042b
[22:59:24] [Server thread/INFO]: MicroKiss[/172.22.5.36:58607] logged in with entity id 213 at (-97.5, 68.0, 122.5)
[22:59:24] [Server thread/INFO]: MicroKiss joined the game
[22:59:28] [Server thread/WARN]: Can't keep up! Is the server overloaded? Running 2186ms or 43 ticks behind
[23:00:00] [Server thread/INFO]: MicroKiss lost connection: Disconnected
[23:00:00] [Server thread/INFO]: MicroKiss left the game
